Mesh generation for wafer domain. 
by Alexis Jawtuschenko

Wafer class (1,2,3,4,5): 1
Mesh scale (1 <= scale <= 20): 14
Wafer diameter [mm]: 300
Wafer height [μm]: 200
Coordinate x of the probe center [mm]: 65

Coordinate y of the probe center: [mm]: 58
Pitch of the probe leads [mm]: 4
Rotation angle of the probe [0-180 deg]: 27

-0.891007 -0.45399 -0.891007 -0.45399

-0.891007 -0.45399 0.891007 0.45399
dist_probe_to_bound_max 23.7097
dist_probe_to_bound_min 6.29523
 A  point :7.0346 6.07239
 B  point :6.6782 5.8908
Value list: 0 3.08453
1 2.68596
2 2.2874
3 1.88884
4 1.49027
5 1.09171
6 0.693147
7 0.346574
8 0
9 -0.346574
10 -0.693147
11 -1.03477
12 -1.3764
13 -1.71802
14 -2.05965
15 -2.40128
16 -2.7429
17 -3.08453
 Value list END
Min value -3.08453
Max value 3.08453
Base value3.08453
Scale 0.522876
Step around probes 0.341626
Step number 7
inner_max_h 0.62059
local max h: 2.61916 local min h 0.62059
probe_theta_p 0.471239
Planar mesh points determined.

=================================================================================

Mesh generation for wafer domain. 
by Alexis Jawtuschenko

Wafer class (1,2,3,4,5): 1
Mesh scale (1 <= scale <= 20): 14
Wafer diameter [mm]: 200
Wafer height [μm]: 500
Coordinate x of the probe center [mm]: 25

Coordinate y of the probe center: [mm]: 25
Pitch of the probe leads [mm]: 2
Rotation angle of the probe [0-180 deg]: 30

probe_center.norm() and (R - 0.1 + 1E-10) 3.53553 9.9

* versor_probe_spin 0.866025 0.5
* direc_AD in GenMesh -0.866025 -0.5    

* probe_center   2.5 2.5
* pAD in GenMesh 2.5 2.5

dist_probe_to_bound_max 13.5342
dist_probe_to_bound_min 6.46716
 A  point :2.75981 2.65
 B  point :2.5866 2.55
Value list: 0 2.34455
1 1.9317
2 1.51885
3 1.106
4 0.693147
5 0.346574
6 0
7 -0.346574
8 -0.693147
9 -1.02343
10 -1.35371
11 -1.68399
12 -2.01427
13 -2.34455
 Value list END
Min value -2.34455
Max value 2.34455
Base value2.34455
Scale 0.547945
Step around probes 0.33028
Step number 5
inner_max_h 0.318278
local max h: 2.61916 local min h 0.318278
probe_theta_p 0.523599
Mesh finished.

===================================================================

Mesh generation for wafer domain. 
by Alexis Jawtuschenko

Wafer class (1,2,3,4,5): 1
Mesh scale (1 <= scale <= 20): 13
Wafer diameter [mm]: 2000
Wafer height [μm]: 500
Coordinate x of the probe center [mm]: 200

Coordinate y of the probe center: [mm]: 270
Pitch of the probe leads [mm]: 5
Rotation angle of the probe [0-180 deg]: 45

probe_center.norm() and (R - 0.1 + 1E-10) 33.6006 99.9

* versor_probe_spin    0.707107  0.707107
* direc_AD in GenMesh -0.707107 -0.707107

* probe_center 20 27
* pAD in GenMesh 20 27


dist_probe_to_bound_max 133.6
dist_probe_to_bound_min 66.4016
 A  point :20.5303 27.5303
 B  point :20.1768 27.1768
Value list: 0 3.39348
1 3.00771
2 2.62195
3 2.23619
4 1.85043
5 1.46467
6 1.07891
7 0.693147
8 0.346574
9 0
10 -0.346574
11 -0.693147
12 -1.03069
13 -1.36823
14 -1.70577
15 -2.04331
16 -2.38085
17 -2.71839
18 -3.05593
19 -3.39348
 Value list END
Min value -3.39348
Max value 3.39348
Base value3.39348
Scale 0.516796
Step around probes 0.337541
Step number 8
inner_max_h 0.65364
local max h: 2.52389 local min h 0.65364
probe_theta_p 0.785398
Mesh finished.

===================================================================

Mesh generation for wafer domain. 
by Alexis Jawtuschenko

Wafer class (1,2,3,4,5): 1
Mesh scale (1 <= scale <= 20): 4
Wafer diameter [mm]: 200
Wafer height [μm]: 500
Coordinate x of the probe center [mm]: 25

Coordinate y of the probe center: [mm]: 25
Pitch of the probe leads [mm]: 2
Rotation angle of the probe [0-180 deg]: 30

probe_center.norm() and (R - 0.1 + 1E-10) 3.53553 9.9

*    versor_probe_spin 0.866025 0.5
* direc_AD in GenMesh -0.866025 -0.5
* probe_center 2.5 2.5
* pAD in GenMesh 2.5 2.5
dist_probe_to_bound_max 13.5342
dist_probe_to_bound_min 6.46716
 A  point :2.75981 2.65
 B  point :2.5866 2.55
Value list: 0 3.66356
1 3.29226
2 2.92096
3 2.54966
4 2.17835
5 1.80705
6 1.43575
7 1.06445
8 0.693147
9 0.346574
10 0
11 -0.346574
12 -0.693147
13 -1.02319
14 -1.35324
15 -1.68329
16 -2.01333
17 -2.34338
18 -2.67342
19 -3.00347
20 -3.33352
21 -3.66356
 Value list END
Min value -3.66356
Max value 3.66356
Base value3.66356
Scale 0.512821
Step around probes 0.330046
Step number 9
inner_max_h 0.254889
local max h: 1.4 local min h 0.254889
probe_theta_p 0.523599
Mesh finished.
